[2.284s] DEBUG:colcon:Command line arguments: ['/usr/bin/colcon', 'build']
[2.285s] DEBUG:colcon:Parsed command line arguments: Namespace(log_base=None, log_level=None, verb_name='build', build_base='build', install_base='install', merge_install=False, symlink_install=False, test_result_base=None, continue_on_error=False, executor='parallel', parallel_workers=4, event_handlers=None, ignore_user_meta=False, metas=['./colcon.meta'], base_paths=['.'], packages_ignore=None, packages_ignore_regex=None, paths=None, packages_up_to=None, packages_up_to_regex=None, packages_above=None, packages_above_and_dependencies=None, packages_above_depth=None, packages_select_by_dep=None, packages_skip_by_dep=None, packages_skip_up_to=None, packages_select_build_failed=False, packages_skip_build_finished=False, packages_select_test_failures=False, packages_skip_test_passed=False, packages_select=None, packages_skip=None, packages_select_regex=None, packages_skip_regex=None, packages_start=None, packages_end=None, allow_overriding=[], cmake_args=None, cmake_target=None, cmake_target_skip_unavailable=False, cmake_clean_cache=False, cmake_clean_first=False, cmake_force_configure=False, ament_cmake_args=None, catkin_cmake_args=None, catkin_skip_building_tests=False, mixin_files=None, mixin=None, verb_parser=<colcon_mixin.mixin.mixin_argument.MixinArgumentDecorator object at 0xffffa9a0dd60>, verb_extension=<colcon_core.verb.build.BuildVerb object at 0xffffaa5b0200>, main=<bound method BuildVerb.main of <colcon_core.verb.build.BuildVerb object at 0xffffaa5b0200>>, mixin_verb=('build',))
[2.666s] Level 1:colcon.colcon_core.package_discovery:discover_packages(colcon_meta) check parameters
[2.667s] Level 1:colcon.colcon_core.package_discovery:discover_packages(recursive) check parameters
[2.667s] Level 1:colcon.colcon_core.package_discovery:discover_packages(ignore) check parameters
[2.667s] Level 1:colcon.colcon_core.package_discovery:discover_packages(path) check parameters
[2.669s] Level 1:colcon.colcon_core.package_discovery:discover_packages(colcon_meta) discover
[2.670s] Level 1:colcon.colcon_core.package_discovery:discover_packages(recursive) discover
[2.670s] INFO:colcon.colcon_core.package_discovery:Crawling recursively for packages in '/home/spiderbot/SpiderBot/ros2_ws/src/gpio_sensors'
[2.671s] Level 1:colcon.colcon_core.package_identification:_identify(.) by extensions ['ignore', 'ignore_ament_install']
[2.671s] Level 1:colcon.colcon_core.package_identification:_identify(.) by extension 'ignore'
[2.672s] Level 1:colcon.colcon_core.package_identification:_identify(.) by extension 'ignore_ament_install'
[2.672s] Level 1:colcon.colcon_core.package_identification:_identify(.) by extensions ['colcon_pkg']
[2.672s] Level 1:colcon.colcon_core.package_identification:_identify(.) by extension 'colcon_pkg'
[2.672s] Level 1:colcon.colcon_core.package_identification:_identify(.) by extensions ['colcon_meta']
[2.673s] Level 1:colcon.colcon_core.package_identification:_identify(.) by extension 'colcon_meta'
[2.673s] Level 1:colcon.colcon_core.package_identification:_identify(.) by extensions ['ros']
[2.673s] Level 1:colcon.colcon_core.package_identification:_identify(.) by extension 'ros'
[2.908s] DEBUG:colcon.colcon_core.package_identification:Package '.' with type 'ros.ament_python' and name 'gpio_sensors'
[2.908s] Level 1:colcon.colcon_core.package_discovery:discover_packages(recursive) using defaults
[2.909s] Level 1:colcon.colcon_core.package_discovery:discover_packages(ignore) discover
[2.909s] Level 1:colcon.colcon_core.package_discovery:discover_packages(ignore) using defaults
[2.909s] Level 1:colcon.colcon_core.package_discovery:discover_packages(path) discover
[2.909s] Level 1:colcon.colcon_core.package_discovery:discover_packages(path) using defaults
[3.156s] Level 1:colcon.colcon_core.package_discovery:discover_packages(prefix_path) check parameters
[3.157s] Level 1:colcon.colcon_core.package_discovery:discover_packages(prefix_path) discover
[3.204s] DEBUG:colcon.colcon_installed_package_information.package_discovery:Found 192 installed packages in /opt/ros/jazzy
[3.209s] Level 1:colcon.colcon_core.package_discovery:discover_packages(prefix_path) using defaults
[3.610s] Level 5:colcon.colcon_core.verb:set package 'gpio_sensors' build argument 'cmake_args' from command line to 'None'
[3.610s] Level 5:colcon.colcon_core.verb:set package 'gpio_sensors' build argument 'cmake_target' from command line to 'None'
[3.611s] Level 5:colcon.colcon_core.verb:set package 'gpio_sensors' build argument 'cmake_target_skip_unavailable' from command line to 'False'
[3.611s] Level 5:colcon.colcon_core.verb:set package 'gpio_sensors' build argument 'cmake_clean_cache' from command line to 'False'
[3.611s] Level 5:colcon.colcon_core.verb:set package 'gpio_sensors' build argument 'cmake_clean_first' from command line to 'False'
[3.612s] Level 5:colcon.colcon_core.verb:set package 'gpio_sensors' build argument 'cmake_force_configure' from command line to 'False'
[3.612s] Level 5:colcon.colcon_core.verb:set package 'gpio_sensors' build argument 'ament_cmake_args' from command line to 'None'
[3.612s] Level 5:colcon.colcon_core.verb:set package 'gpio_sensors' build argument 'catkin_cmake_args' from command line to 'None'
[3.612s] Level 5:colcon.colcon_core.verb:set package 'gpio_sensors' build argument 'catkin_skip_building_tests' from command line to 'False'
[3.613s] DEBUG:colcon.colcon_core.verb:Building package 'gpio_sensors' with the following arguments: {'ament_cmake_args': None, 'build_base': '/home/spiderbot/SpiderBot/ros2_ws/src/gpio_sensors/build/gpio_sensors', 'catkin_cmake_args': None, 'catkin_skip_building_tests': False, 'cmake_args': None, 'cmake_clean_cache': False, 'cmake_clean_first': False, 'cmake_force_configure': False, 'cmake_target': None, 'cmake_target_skip_unavailable': False, 'install_base': '/home/spiderbot/SpiderBot/ros2_ws/src/gpio_sensors/install/gpio_sensors', 'merge_install': False, 'path': '/home/spiderbot/SpiderBot/ros2_ws/src/gpio_sensors', 'symlink_install': False, 'test_result_base': None}
[3.614s] INFO:colcon.colcon_core.executor:Executing jobs using 'parallel' executor
[3.627s] DEBUG:colcon.colcon_parallel_executor.executor.parallel:run_until_complete
[3.629s] INFO:colcon.colcon_ros.task.ament_python.build:Building ROS package in '/home/spiderbot/SpiderBot/ros2_ws/src/gpio_sensors' with build type 'ament_python'
[3.630s] Level 1:colcon.colcon_core.shell:create_environment_hook('gpio_sensors', 'ament_prefix_path')
[3.686s] INFO:colcon.colcon_core.plugin_system:Skipping extension 'colcon_core.shell.bat': Not used on non-Windows systems
[3.688s] INFO:colcon.colcon_core.shell:Creating environment hook '/home/spiderbot/SpiderBot/ros2_ws/src/gpio_sensors/install/gpio_sensors/share/gpio_sensors/hook/ament_prefix_path.ps1'
[3.697s] INFO:colcon.colcon_core.shell:Creating environment descriptor '/home/spiderbot/SpiderBot/ros2_ws/src/gpio_sensors/install/gpio_sensors/share/gpio_sensors/hook/ament_prefix_path.dsv'
[3.700s] INFO:colcon.colcon_core.shell:Creating environment hook '/home/spiderbot/SpiderBot/ros2_ws/src/gpio_sensors/install/gpio_sensors/share/gpio_sensors/hook/ament_prefix_path.sh'
[3.705s] INFO:colcon.colcon_core.shell:Skip shell extension 'powershell' for command environment: Not usable outside of PowerShell
[3.705s] DEBUG:colcon.colcon_core.shell:Skip shell extension 'dsv' for command environment
[5.482s] INFO:colcon.colcon_core.task.python.build:Building Python package in '/home/spiderbot/SpiderBot/ros2_ws/src/gpio_sensors'
[5.484s] INFO:colcon.colcon_core.shell:Skip shell extension 'powershell' for command environment: Not usable outside of PowerShell
[5.484s] DEBUG:colcon.colcon_core.shell:Skip shell extension 'dsv' for command environment
[11.233s] DEBUG:colcon.colcon_core.event_handler.log_command:Invoking command in '/home/spiderbot/SpiderBot/ros2_ws/src/gpio_sensors': DEBUGINFOD_URLS=https://debuginfod.ubuntu.com PYTHONPATH=/home/spiderbot/SpiderBot/ros2_ws/src/gpio_sensors/build/gpio_sensors/prefix_override:/usr/lib/python3/dist-packages/colcon_core/task/python/colcon_distutils_commands:/home/spiderbot/SpiderBot/ros2_ws/src/gpio_sensors/install/gpio_sensors/lib/python3.12/site-packages:${PYTHONPATH} /usr/bin/python3 -W ignore:setup.py install is deprecated -W ignore:easy_install command is deprecated setup.py egg_info --egg-base build/gpio_sensors build --build-base /home/spiderbot/SpiderBot/ros2_ws/src/gpio_sensors/build/gpio_sensors/build install --record /home/spiderbot/SpiderBot/ros2_ws/src/gpio_sensors/build/gpio_sensors/install.log --single-version-externally-managed install_data
[14.380s] DEBUG:colcon.colcon_core.event_handler.log_command:Invoked command in '/home/spiderbot/SpiderBot/ros2_ws/src/gpio_sensors' returned '0': DEBUGINFOD_URLS=https://debuginfod.ubuntu.com PYTHONPATH=/home/spiderbot/SpiderBot/ros2_ws/src/gpio_sensors/build/gpio_sensors/prefix_override:/usr/lib/python3/dist-packages/colcon_core/task/python/colcon_distutils_commands:/home/spiderbot/SpiderBot/ros2_ws/src/gpio_sensors/install/gpio_sensors/lib/python3.12/site-packages:${PYTHONPATH} /usr/bin/python3 -W ignore:setup.py install is deprecated -W ignore:easy_install command is deprecated setup.py egg_info --egg-base build/gpio_sensors build --build-base /home/spiderbot/SpiderBot/ros2_ws/src/gpio_sensors/build/gpio_sensors/build install --record /home/spiderbot/SpiderBot/ros2_ws/src/gpio_sensors/build/gpio_sensors/install.log --single-version-externally-managed install_data
[14.415s] Level 1:colcon.colcon_core.environment:checking '/home/spiderbot/SpiderBot/ros2_ws/src/gpio_sensors/install/gpio_sensors' for CMake module files
[14.418s] Level 1:colcon.colcon_core.environment:checking '/home/spiderbot/SpiderBot/ros2_ws/src/gpio_sensors/install/gpio_sensors' for CMake config files
[14.423s] Level 1:colcon.colcon_core.environment:checking '/home/spiderbot/SpiderBot/ros2_ws/src/gpio_sensors/install/gpio_sensors/lib'
[14.423s] Level 1:colcon.colcon_core.environment:checking '/home/spiderbot/SpiderBot/ros2_ws/src/gpio_sensors/install/gpio_sensors/bin'
[14.424s] Level 1:colcon.colcon_core.environment:checking '/home/spiderbot/SpiderBot/ros2_ws/src/gpio_sensors/install/gpio_sensors/lib/pkgconfig/gpio_sensors.pc'
[14.425s] Level 1:colcon.colcon_core.environment:checking '/home/spiderbot/SpiderBot/ros2_ws/src/gpio_sensors/install/gpio_sensors/lib/python3.12/site-packages'
[14.426s] Level 1:colcon.colcon_core.shell:create_environment_hook('gpio_sensors', 'pythonpath')
[14.427s] INFO:colcon.colcon_core.shell:Creating environment hook '/home/spiderbot/SpiderBot/ros2_ws/src/gpio_sensors/install/gpio_sensors/share/gpio_sensors/hook/pythonpath.ps1'
[14.429s] INFO:colcon.colcon_core.shell:Creating environment descriptor '/home/spiderbot/SpiderBot/ros2_ws/src/gpio_sensors/install/gpio_sensors/share/gpio_sensors/hook/pythonpath.dsv'
[14.430s] INFO:colcon.colcon_core.shell:Creating environment hook '/home/spiderbot/SpiderBot/ros2_ws/src/gpio_sensors/install/gpio_sensors/share/gpio_sensors/hook/pythonpath.sh'
[14.433s] Level 1:colcon.colcon_core.environment:checking '/home/spiderbot/SpiderBot/ros2_ws/src/gpio_sensors/install/gpio_sensors/bin'
[14.433s] Level 1:colcon.colcon_core.environment:create_environment_scripts_only(gpio_sensors)
[14.434s] INFO:colcon.colcon_core.shell:Creating package script '/home/spiderbot/SpiderBot/ros2_ws/src/gpio_sensors/install/gpio_sensors/share/gpio_sensors/package.ps1'
[14.440s] INFO:colcon.colcon_core.shell:Creating package descriptor '/home/spiderbot/SpiderBot/ros2_ws/src/gpio_sensors/install/gpio_sensors/share/gpio_sensors/package.dsv'
[14.444s] INFO:colcon.colcon_core.shell:Creating package script '/home/spiderbot/SpiderBot/ros2_ws/src/gpio_sensors/install/gpio_sensors/share/gpio_sensors/package.sh'
[14.448s] INFO:colcon.colcon_core.shell:Creating package script '/home/spiderbot/SpiderBot/ros2_ws/src/gpio_sensors/install/gpio_sensors/share/gpio_sensors/package.bash'
[14.455s] INFO:colcon.colcon_core.shell:Creating package script '/home/spiderbot/SpiderBot/ros2_ws/src/gpio_sensors/install/gpio_sensors/share/gpio_sensors/package.zsh'
[14.462s] Level 1:colcon.colcon_core.environment:create_file_with_runtime_dependencies(/home/spiderbot/SpiderBot/ros2_ws/src/gpio_sensors/install/gpio_sensors/share/colcon-core/packages/gpio_sensors)
[14.465s] DEBUG:colcon.colcon_parallel_executor.executor.parallel:closing loop
[14.467s] DEBUG:colcon.colcon_parallel_executor.executor.parallel:loop closed
[14.468s] DEBUG:colcon.colcon_parallel_executor.executor.parallel:run_until_complete finished with '0'
[14.469s] DEBUG:colcon.colcon_core.event_reactor:joining thread
[14.548s] INFO:colcon.colcon_core.plugin_system:Skipping extension 'colcon_notification.desktop_notification.terminal_notifier': Not used on non-Darwin systems
[14.549s] INFO:colcon.colcon_core.plugin_system:Skipping extension 'colcon_notification.desktop_notification.win32': Not used on non-Windows systems
[14.549s] INFO:colcon.colcon_notification.desktop_notification:Sending desktop notification using 'notify2'
[14.638s] DEBUG:colcon.colcon_core.event_reactor:joined thread
[14.639s] INFO:colcon.colcon_core.shell:Creating prefix script '/home/spiderbot/SpiderBot/ros2_ws/src/gpio_sensors/install/local_setup.ps1'
[14.647s] INFO:colcon.colcon_core.shell:Creating prefix util module '/home/spiderbot/SpiderBot/ros2_ws/src/gpio_sensors/install/_local_setup_util_ps1.py'
[14.655s] INFO:colcon.colcon_core.shell:Creating prefix chain script '/home/spiderbot/SpiderBot/ros2_ws/src/gpio_sensors/install/setup.ps1'
[14.665s] INFO:colcon.colcon_core.shell:Creating prefix script '/home/spiderbot/SpiderBot/ros2_ws/src/gpio_sensors/install/local_setup.sh'
[14.671s] INFO:colcon.colcon_core.shell:Creating prefix util module '/home/spiderbot/SpiderBot/ros2_ws/src/gpio_sensors/install/_local_setup_util_sh.py'
[14.676s] INFO:colcon.colcon_core.shell:Creating prefix chain script '/home/spiderbot/SpiderBot/ros2_ws/src/gpio_sensors/install/setup.sh'
[14.683s] INFO:colcon.colcon_core.shell:Creating prefix script '/home/spiderbot/SpiderBot/ros2_ws/src/gpio_sensors/install/local_setup.bash'
[14.687s] INFO:colcon.colcon_core.shell:Creating prefix chain script '/home/spiderbot/SpiderBot/ros2_ws/src/gpio_sensors/install/setup.bash'
[14.692s] INFO:colcon.colcon_core.shell:Creating prefix script '/home/spiderbot/SpiderBot/ros2_ws/src/gpio_sensors/install/local_setup.zsh'
[14.696s] INFO:colcon.colcon_core.shell:Creating prefix chain script '/home/spiderbot/SpiderBot/ros2_ws/src/gpio_sensors/install/setup.zsh'
