[0.524s] DEBUG:colcon:Command line arguments: ['/usr/bin/colcon', 'build', '--packages-select', 'gpio_sensors']
[0.524s] DEBUG:colcon:Parsed command line arguments: Namespace(log_base=None, log_level=None, verb_name='build', build_base='build', install_base='install', merge_install=False, symlink_install=False, test_result_base=None, continue_on_error=False, executor='parallel', parallel_workers=4, event_handlers=None, ignore_user_meta=False, metas=['./colcon.meta'], base_paths=['.'], packages_ignore=None, packages_ignore_regex=None, paths=None, packages_up_to=None, packages_up_to_regex=None, packages_above=None, packages_above_and_dependencies=None, packages_above_depth=None, packages_select_by_dep=None, packages_skip_by_dep=None, packages_skip_up_to=None, packages_select_build_failed=False, packages_skip_build_finished=False, packages_select_test_failures=False, packages_skip_test_passed=False, packages_select=['gpio_sensors'], packages_skip=None, packages_select_regex=None, packages_skip_regex=None, packages_start=None, packages_end=None, allow_overriding=[], cmake_args=None, cmake_target=None, cmake_target_skip_unavailable=False, cmake_clean_cache=False, cmake_clean_first=False, cmake_force_configure=False, ament_cmake_args=None, catkin_cmake_args=None, catkin_skip_building_tests=False, mixin_files=None, mixin=None, verb_parser=<colcon_mixin.mixin.mixin_argument.MixinArgumentDecorator object at 0xffffb32094c0>, verb_extension=<colcon_core.verb.build.BuildVerb object at 0xffffb3209250>, main=<bound method BuildVerb.main of <colcon_core.verb.build.BuildVerb object at 0xffffb3209250>>, mixin_verb=('build',))
[0.701s] Level 1:colcon.colcon_core.package_discovery:discover_packages(colcon_meta) check parameters
[0.701s] Level 1:colcon.colcon_core.package_discovery:discover_packages(recursive) check parameters
[0.702s] Level 1:colcon.colcon_core.package_discovery:discover_packages(ignore) check parameters
[0.702s] Level 1:colcon.colcon_core.package_discovery:discover_packages(path) check parameters
[0.702s] Level 1:colcon.colcon_core.package_discovery:discover_packages(colcon_meta) discover
[0.702s] Level 1:colcon.colcon_core.package_discovery:discover_packages(recursive) discover
[0.702s] INFO:colcon.colcon_core.package_discovery:Crawling recursively for packages in '/home/spiderbot/SpiderBot/ros2_ws/src'
[0.703s] Level 1:colcon.colcon_core.package_identification:_identify(.) by extensions ['ignore', 'ignore_ament_install']
[0.703s] Level 1:colcon.colcon_core.package_identification:_identify(.) by extension 'ignore'
[0.704s] Level 1:colcon.colcon_core.package_identification:_identify(.) by extension 'ignore_ament_install'
[0.704s] Level 1:colcon.colcon_core.package_identification:_identify(.) by extensions ['colcon_pkg']
[0.704s] Level 1:colcon.colcon_core.package_identification:_identify(.) by extension 'colcon_pkg'
[0.705s] Level 1:colcon.colcon_core.package_identification:_identify(.) by extensions ['colcon_meta']
[0.705s] Level 1:colcon.colcon_core.package_identification:_identify(.) by extension 'colcon_meta'
[0.705s] Level 1:colcon.colcon_core.package_identification:_identify(.) by extensions ['ros']
[0.705s] Level 1:colcon.colcon_core.package_identification:_identify(.) by extension 'ros'
[0.827s] Level 1:colcon.colcon_core.package_identification:_identify(.) by extensions ['cmake', 'python']
[0.828s] Level 1:colcon.colcon_core.package_identification:_identify(.) by extension 'cmake'
[0.828s] Level 1:colcon.colcon_core.package_identification:_identify(.) by extension 'python'
[0.828s] Level 1:colcon.colcon_core.package_identification:_identify(.) by extensions ['python_setup_py']
[0.828s] Level 1:colcon.colcon_core.package_identification:_identify(.) by extension 'python_setup_py'
[0.829s] Level 1:colcon.colcon_core.package_identification:_identify(build) by extensions ['ignore', 'ignore_ament_install']
[0.830s] Level 1:colcon.colcon_core.package_identification:_identify(build) by extension 'ignore'
[0.830s] Level 1:colcon.colcon_core.package_identification:_identify(build) ignored
[0.831s] Level 1:colcon.colcon_core.package_identification:_identify(gpio_sensors) by extensions ['ignore', 'ignore_ament_install']
[0.832s] Level 1:colcon.colcon_core.package_identification:_identify(gpio_sensors) by extension 'ignore'
[0.833s] Level 1:colcon.colcon_core.package_identification:_identify(gpio_sensors) by extension 'ignore_ament_install'
[0.833s] Level 1:colcon.colcon_core.package_identification:_identify(gpio_sensors) by extensions ['colcon_pkg']
[0.834s] Level 1:colcon.colcon_core.package_identification:_identify(gpio_sensors) by extension 'colcon_pkg'
[0.834s] Level 1:colcon.colcon_core.package_identification:_identify(gpio_sensors) by extensions ['colcon_meta']
[0.834s] Level 1:colcon.colcon_core.package_identification:_identify(gpio_sensors) by extension 'colcon_meta'
[0.835s] Level 1:colcon.colcon_core.package_identification:_identify(gpio_sensors) by extensions ['ros']
[0.835s] Level 1:colcon.colcon_core.package_identification:_identify(gpio_sensors) by extension 'ros'
[0.846s] DEBUG:colcon.colcon_core.package_identification:Package 'gpio_sensors' with type 'ros.catkin' and name 'gpio_sensors'
[0.846s] Level 1:colcon.colcon_core.package_identification:_identify(install) by extensions ['ignore', 'ignore_ament_install']
[0.847s] Level 1:colcon.colcon_core.package_identification:_identify(install) by extension 'ignore'
[0.847s] Level 1:colcon.colcon_core.package_identification:_identify(install) ignored
[0.847s] Level 1:colcon.colcon_core.package_identification:_identify(log) by extensions ['ignore', 'ignore_ament_install']
[0.848s] Level 1:colcon.colcon_core.package_identification:_identify(log) by extension 'ignore'
[0.848s] Level 1:colcon.colcon_core.package_identification:_identify(log) ignored
[0.849s] Level 1:colcon.colcon_core.package_identification:_identify(static_balancer) by extensions ['ignore', 'ignore_ament_install']
[0.849s] Level 1:colcon.colcon_core.package_identification:_identify(static_balancer) by extension 'ignore'
[0.849s] Level 1:colcon.colcon_core.package_identification:_identify(static_balancer) by extension 'ignore_ament_install'
[0.850s] Level 1:colcon.colcon_core.package_identification:_identify(static_balancer) by extensions ['colcon_pkg']
[0.850s] Level 1:colcon.colcon_core.package_identification:_identify(static_balancer) by extension 'colcon_pkg'
[0.851s] Level 1:colcon.colcon_core.package_identification:_identify(static_balancer) by extensions ['colcon_meta']
[0.851s] Level 1:colcon.colcon_core.package_identification:_identify(static_balancer) by extension 'colcon_meta'
[0.851s] Level 1:colcon.colcon_core.package_identification:_identify(static_balancer) by extensions ['ros']
[0.852s] Level 1:colcon.colcon_core.package_identification:_identify(static_balancer) by extension 'ros'
[0.853s] Level 1:colcon.colcon_core.package_identification:_identify(static_balancer) by extensions ['cmake', 'python']
[0.853s] Level 1:colcon.colcon_core.package_identification:_identify(static_balancer) by extension 'cmake'
[0.853s] Level 1:colcon.colcon_core.package_identification:_identify(static_balancer) by extension 'python'
[0.854s] Level 1:colcon.colcon_core.package_identification:_identify(static_balancer) by extensions ['python_setup_py']
[0.854s] Level 1:colcon.colcon_core.package_identification:_identify(static_balancer) by extension 'python_setup_py'
[0.855s] Level 1:colcon.colcon_core.package_identification:_identify(static_balancer/include) by extensions ['ignore', 'ignore_ament_install']
[0.856s] Level 1:colcon.colcon_core.package_identification:_identify(static_balancer/include) by extension 'ignore'
[0.856s] Level 1:colcon.colcon_core.package_identification:_identify(static_balancer/include) by extension 'ignore_ament_install'
[0.856s] Level 1:colcon.colcon_core.package_identification:_identify(static_balancer/include) by extensions ['colcon_pkg']
[0.857s] Level 1:colcon.colcon_core.package_identification:_identify(static_balancer/include) by extension 'colcon_pkg'
[0.857s] Level 1:colcon.colcon_core.package_identification:_identify(static_balancer/include) by extensions ['colcon_meta']
[0.857s] Level 1:colcon.colcon_core.package_identification:_identify(static_balancer/include) by extension 'colcon_meta'
[0.857s] Level 1:colcon.colcon_core.package_identification:_identify(static_balancer/include) by extensions ['ros']
[0.857s] Level 1:colcon.colcon_core.package_identification:_identify(static_balancer/include) by extension 'ros'
[0.858s] Level 1:colcon.colcon_core.package_identification:_identify(static_balancer/include) by extensions ['cmake', 'python']
[0.858s] Level 1:colcon.colcon_core.package_identification:_identify(static_balancer/include) by extension 'cmake'
[0.858s] Level 1:colcon.colcon_core.package_identification:_identify(static_balancer/include) by extension 'python'
[0.858s] Level 1:colcon.colcon_core.package_identification:_identify(static_balancer/include) by extensions ['python_setup_py']
[0.859s] Level 1:colcon.colcon_core.package_identification:_identify(static_balancer/include) by extension 'python_setup_py'
[0.859s] Level 1:colcon.colcon_core.package_identification:_identify(static_balancer/include/static_balancer) by extensions ['ignore', 'ignore_ament_install']
[0.860s] Level 1:colcon.colcon_core.package_identification:_identify(static_balancer/include/static_balancer) by extension 'ignore'
[0.860s] Level 1:colcon.colcon_core.package_identification:_identify(static_balancer/include/static_balancer) by extension 'ignore_ament_install'
[0.860s] Level 1:colcon.colcon_core.package_identification:_identify(static_balancer/include/static_balancer) by extensions ['colcon_pkg']
[0.860s] Level 1:colcon.colcon_core.package_identification:_identify(static_balancer/include/static_balancer) by extension 'colcon_pkg'
[0.861s] Level 1:colcon.colcon_core.package_identification:_identify(static_balancer/include/static_balancer) by extensions ['colcon_meta']
[0.861s] Level 1:colcon.colcon_core.package_identification:_identify(static_balancer/include/static_balancer) by extension 'colcon_meta'
[0.861s] Level 1:colcon.colcon_core.package_identification:_identify(static_balancer/include/static_balancer) by extensions ['ros']
[0.861s] Level 1:colcon.colcon_core.package_identification:_identify(static_balancer/include/static_balancer) by extension 'ros'
[0.862s] Level 1:colcon.colcon_core.package_identification:_identify(static_balancer/include/static_balancer) by extensions ['cmake', 'python']
[0.862s] Level 1:colcon.colcon_core.package_identification:_identify(static_balancer/include/static_balancer) by extension 'cmake'
[0.862s] Level 1:colcon.colcon_core.package_identification:_identify(static_balancer/include/static_balancer) by extension 'python'
[0.862s] Level 1:colcon.colcon_core.package_identification:_identify(static_balancer/include/static_balancer) by extensions ['python_setup_py']
[0.863s] Level 1:colcon.colcon_core.package_identification:_identify(static_balancer/include/static_balancer) by extension 'python_setup_py'
[0.863s] Level 1:colcon.colcon_core.package_discovery:discover_packages(recursive) using defaults
[0.863s] Level 1:colcon.colcon_core.package_discovery:discover_packages(ignore) discover
[0.863s] Level 1:colcon.colcon_core.package_discovery:discover_packages(ignore) using defaults
[0.863s] Level 1:colcon.colcon_core.package_discovery:discover_packages(path) discover
[0.863s] Level 1:colcon.colcon_core.package_discovery:discover_packages(path) using defaults
[0.938s] Level 1:colcon.colcon_core.package_discovery:discover_packages(prefix_path) check parameters
[0.938s] Level 1:colcon.colcon_core.package_discovery:discover_packages(prefix_path) discover
[0.947s] DEBUG:colcon.colcon_installed_package_information.package_discovery:Found 2 installed packages in /home/spiderbot/SpiderBot/ros2_ws/install
[0.955s] DEBUG:colcon.colcon_installed_package_information.package_discovery:Found 192 installed packages in /opt/ros/jazzy
[0.958s] Level 1:colcon.colcon_core.package_discovery:discover_packages(prefix_path) using defaults
[1.116s] Level 5:colcon.colcon_core.verb:set package 'gpio_sensors' build argument 'cmake_args' from command line to 'None'
[1.117s] Level 5:colcon.colcon_core.verb:set package 'gpio_sensors' build argument 'cmake_target' from command line to 'None'
[1.117s] Level 5:colcon.colcon_core.verb:set package 'gpio_sensors' build argument 'cmake_target_skip_unavailable' from command line to 'False'
[1.117s] Level 5:colcon.colcon_core.verb:set package 'gpio_sensors' build argument 'cmake_clean_cache' from command line to 'False'
[1.118s] Level 5:colcon.colcon_core.verb:set package 'gpio_sensors' build argument 'cmake_clean_first' from command line to 'False'
[1.118s] Level 5:colcon.colcon_core.verb:set package 'gpio_sensors' build argument 'cmake_force_configure' from command line to 'False'
[1.118s] Level 5:colcon.colcon_core.verb:set package 'gpio_sensors' build argument 'ament_cmake_args' from command line to 'None'
[1.118s] Level 5:colcon.colcon_core.verb:set package 'gpio_sensors' build argument 'catkin_cmake_args' from command line to 'None'
[1.118s] Level 5:colcon.colcon_core.verb:set package 'gpio_sensors' build argument 'catkin_skip_building_tests' from command line to 'False'
[1.119s] DEBUG:colcon.colcon_core.verb:Building package 'gpio_sensors' with the following arguments: {'ament_cmake_args': None, 'build_base': '/home/spiderbot/SpiderBot/ros2_ws/src/build/gpio_sensors', 'catkin_cmake_args': None, 'catkin_skip_building_tests': False, 'cmake_args': None, 'cmake_clean_cache': False, 'cmake_clean_first': False, 'cmake_force_configure': False, 'cmake_target': None, 'cmake_target_skip_unavailable': False, 'install_base': '/home/spiderbot/SpiderBot/ros2_ws/src/install/gpio_sensors', 'merge_install': False, 'path': '/home/spiderbot/SpiderBot/ros2_ws/src/gpio_sensors', 'symlink_install': False, 'test_result_base': None}
[1.121s] INFO:colcon.colcon_core.executor:Executing jobs using 'parallel' executor
[1.126s] DEBUG:colcon.colcon_parallel_executor.executor.parallel:run_until_complete
[1.128s] INFO:colcon.colcon_ros.task.catkin.build:Building ROS package in '/home/spiderbot/SpiderBot/ros2_ws/src/gpio_sensors' with build type 'catkin'
[1.130s] INFO:colcon.colcon_cmake.task.cmake.build:Building CMake package in '/home/spiderbot/SpiderBot/ros2_ws/src/gpio_sensors'
[1.166s] INFO:colcon.colcon_core.plugin_system:Skipping extension 'colcon_core.shell.bat': Not used on non-Windows systems
[1.168s] INFO:colcon.colcon_core.shell:Skip shell extension 'powershell' for command environment: Not usable outside of PowerShell
[1.169s] DEBUG:colcon.colcon_core.shell:Skip shell extension 'dsv' for command environment
[1.246s] DEBUG:colcon.colcon_core.event_handler.log_command:Invoking command in '/home/spiderbot/SpiderBot/ros2_ws/src/build/gpio_sensors': DEBUGINFOD_URLS=https://debuginfod.ubuntu.com /usr/bin/cmake /home/spiderbot/SpiderBot/ros2_ws/src/gpio_sensors -DCATKIN_INSTALL_INTO_PREFIX_ROOT=0 -DCMAKE_INSTALL_PREFIX=/home/spiderbot/SpiderBot/ros2_ws/src/install/gpio_sensors
[1.351s] Level 1:colcon.colcon_core.environment:create_environment_scripts_only(gpio_sensors)
[1.364s] DEBUG:colcon.colcon_core.event_handler.log_command:Invoked command in '/home/spiderbot/SpiderBot/ros2_ws/src/build/gpio_sensors' returned '1': DEBUGINFOD_URLS=https://debuginfod.ubuntu.com /usr/bin/cmake /home/spiderbot/SpiderBot/ros2_ws/src/gpio_sensors -DCATKIN_INSTALL_INTO_PREFIX_ROOT=0 -DCMAKE_INSTALL_PREFIX=/home/spiderbot/SpiderBot/ros2_ws/src/install/gpio_sensors
[1.384s] Level 1:colcon.colcon_core.environment:checking '/home/spiderbot/SpiderBot/ros2_ws/src/install/gpio_sensors' for CMake module files
[1.389s] Level 1:colcon.colcon_core.environment:checking '/home/spiderbot/SpiderBot/ros2_ws/src/install/gpio_sensors' for CMake config files
[1.394s] Level 1:colcon.colcon_core.environment:checking '/home/spiderbot/SpiderBot/ros2_ws/src/install/gpio_sensors/bin'
[1.395s] Level 1:colcon.colcon_core.environment:checking '/home/spiderbot/SpiderBot/ros2_ws/src/install/gpio_sensors/lib/pkgconfig/gpio_sensors.pc'
[1.398s] Level 1:colcon.colcon_core.environment:checking '/home/spiderbot/SpiderBot/ros2_ws/src/install/gpio_sensors/lib/python3.12/site-packages'
[1.401s] Level 1:colcon.colcon_core.environment:checking '/home/spiderbot/SpiderBot/ros2_ws/src/install/gpio_sensors/bin'
[1.404s] INFO:colcon.colcon_core.shell:Creating package script '/home/spiderbot/SpiderBot/ros2_ws/src/install/gpio_sensors/share/gpio_sensors/package.ps1'
[1.410s] INFO:colcon.colcon_core.shell:Creating package descriptor '/home/spiderbot/SpiderBot/ros2_ws/src/install/gpio_sensors/share/gpio_sensors/package.dsv'
[1.414s] INFO:colcon.colcon_core.shell:Creating package script '/home/spiderbot/SpiderBot/ros2_ws/src/install/gpio_sensors/share/gpio_sensors/package.sh'
[1.420s] INFO:colcon.colcon_core.shell:Creating package script '/home/spiderbot/SpiderBot/ros2_ws/src/install/gpio_sensors/share/gpio_sensors/package.bash'
[1.428s] INFO:colcon.colcon_core.shell:Creating package script '/home/spiderbot/SpiderBot/ros2_ws/src/install/gpio_sensors/share/gpio_sensors/package.zsh'
[1.433s] Level 1:colcon.colcon_core.environment:create_file_with_runtime_dependencies(/home/spiderbot/SpiderBot/ros2_ws/src/install/gpio_sensors/share/colcon-core/packages/gpio_sensors)
[1.447s] DEBUG:colcon.colcon_parallel_executor.executor.parallel:closing loop
[1.455s] DEBUG:colcon.colcon_parallel_executor.executor.parallel:loop closed
[1.457s] DEBUG:colcon.colcon_parallel_executor.executor.parallel:run_until_complete finished with '1'
[1.458s] DEBUG:colcon.colcon_core.event_reactor:joining thread
[1.504s] INFO:colcon.colcon_core.plugin_system:Skipping extension 'colcon_notification.desktop_notification.terminal_notifier': Not used on non-Darwin systems
[1.505s] INFO:colcon.colcon_core.plugin_system:Skipping extension 'colcon_notification.desktop_notification.win32': Not used on non-Windows systems
[1.505s] INFO:colcon.colcon_notification.desktop_notification:Sending desktop notification using 'notify2'
[1.677s] DEBUG:colcon.colcon_core.event_reactor:joined thread
[1.678s] INFO:colcon.colcon_core.shell:Creating prefix script '/home/spiderbot/SpiderBot/ros2_ws/src/install/local_setup.ps1'
[1.683s] INFO:colcon.colcon_core.shell:Creating prefix util module '/home/spiderbot/SpiderBot/ros2_ws/src/install/_local_setup_util_ps1.py'
[1.690s] INFO:colcon.colcon_core.shell:Creating prefix chain script '/home/spiderbot/SpiderBot/ros2_ws/src/install/setup.ps1'
[1.695s] INFO:colcon.colcon_core.shell:Creating prefix script '/home/spiderbot/SpiderBot/ros2_ws/src/install/local_setup.sh'
[1.699s] INFO:colcon.colcon_core.shell:Creating prefix util module '/home/spiderbot/SpiderBot/ros2_ws/src/install/_local_setup_util_sh.py'
[1.708s] INFO:colcon.colcon_core.shell:Creating prefix chain script '/home/spiderbot/SpiderBot/ros2_ws/src/install/setup.sh'
[1.717s] INFO:colcon.colcon_core.shell:Creating prefix script '/home/spiderbot/SpiderBot/ros2_ws/src/install/local_setup.bash'
[1.722s] INFO:colcon.colcon_core.shell:Creating prefix chain script '/home/spiderbot/SpiderBot/ros2_ws/src/install/setup.bash'
[1.729s] INFO:colcon.colcon_core.shell:Creating prefix script '/home/spiderbot/SpiderBot/ros2_ws/src/install/local_setup.zsh'
[1.733s] INFO:colcon.colcon_core.shell:Creating prefix chain script '/home/spiderbot/SpiderBot/ros2_ws/src/install/setup.zsh'
