[0.649s] DEBUG:colcon:Command line arguments: ['/usr/bin/colcon', 'build']
[0.650s] DEBUG:colcon:Parsed command line arguments: Namespace(log_base=None, log_level=None, verb_name='build', build_base='build', install_base='install', merge_install=False, symlink_install=False, test_result_base=None, continue_on_error=False, executor='parallel', parallel_workers=4, event_handlers=None, ignore_user_meta=False, metas=['./colcon.meta'], base_paths=['.'], packages_ignore=None, packages_ignore_regex=None, paths=None, packages_up_to=None, packages_up_to_regex=None, packages_above=None, packages_above_and_dependencies=None, packages_above_depth=None, packages_select_by_dep=None, packages_skip_by_dep=None, packages_skip_up_to=None, packages_select_build_failed=False, packages_skip_build_finished=False, packages_select_test_failures=False, packages_skip_test_passed=False, packages_select=None, packages_skip=None, packages_select_regex=None, packages_skip_regex=None, packages_start=None, packages_end=None, allow_overriding=[], cmake_args=None, cmake_target=None, cmake_target_skip_unavailable=False, cmake_clean_cache=False, cmake_clean_first=False, cmake_force_configure=False, ament_cmake_args=None, catkin_cmake_args=None, catkin_skip_building_tests=False, mixin_files=None, mixin=None, verb_parser=<colcon_mixin.mixin.mixin_argument.MixinArgumentDecorator object at 0xffffaacdd9d0>, verb_extension=<colcon_core.verb.build.BuildVerb object at 0xffffaacdd760>, main=<bound method BuildVerb.main of <colcon_core.verb.build.BuildVerb object at 0xffffaacdd760>>, mixin_verb=('build',))
[0.849s] Level 1:colcon.colcon_core.package_discovery:discover_packages(colcon_meta) check parameters
[0.850s] Level 1:colcon.colcon_core.package_discovery:discover_packages(recursive) check parameters
[0.850s] Level 1:colcon.colcon_core.package_discovery:discover_packages(ignore) check parameters
[0.851s] Level 1:colcon.colcon_core.package_discovery:discover_packages(path) check parameters
[0.851s] Level 1:colcon.colcon_core.package_discovery:discover_packages(colcon_meta) discover
[0.852s] Level 1:colcon.colcon_core.package_discovery:discover_packages(recursive) discover
[0.852s] INFO:colcon.colcon_core.package_discovery:Crawling recursively for packages in '/home/spiderbot/SpiderBot/ros2_ws/src/gpio_sensors'
[0.853s] Level 1:colcon.colcon_core.package_identification:_identify(.) by extensions ['ignore', 'ignore_ament_install']
[0.854s] Level 1:colcon.colcon_core.package_identification:_identify(.) by extension 'ignore'
[0.854s] Level 1:colcon.colcon_core.package_identification:_identify(.) by extension 'ignore_ament_install'
[0.855s] Level 1:colcon.colcon_core.package_identification:_identify(.) by extensions ['colcon_pkg']
[0.855s] Level 1:colcon.colcon_core.package_identification:_identify(.) by extension 'colcon_pkg'
[0.855s] Level 1:colcon.colcon_core.package_identification:_identify(.) by extensions ['colcon_meta']
[0.855s] Level 1:colcon.colcon_core.package_identification:_identify(.) by extension 'colcon_meta'
[0.856s] Level 1:colcon.colcon_core.package_identification:_identify(.) by extensions ['ros']
[0.856s] Level 1:colcon.colcon_core.package_identification:_identify(.) by extension 'ros'
[1.068s] DEBUG:colcon.colcon_core.package_identification:Package '.' with type 'ros.ament_python' and name 'gpio_sensors'
[1.068s] Level 1:colcon.colcon_core.package_discovery:discover_packages(recursive) using defaults
[1.068s] Level 1:colcon.colcon_core.package_discovery:discover_packages(ignore) discover
[1.069s] Level 1:colcon.colcon_core.package_discovery:discover_packages(ignore) using defaults
[1.069s] Level 1:colcon.colcon_core.package_discovery:discover_packages(path) discover
[1.069s] Level 1:colcon.colcon_core.package_discovery:discover_packages(path) using defaults
[1.152s] Level 1:colcon.colcon_core.package_discovery:discover_packages(prefix_path) check parameters
[1.152s] Level 1:colcon.colcon_core.package_discovery:discover_packages(prefix_path) discover
[1.177s] DEBUG:colcon.colcon_installed_package_information.package_discovery:Found 192 installed packages in /opt/ros/jazzy
[1.180s] Level 1:colcon.colcon_core.package_discovery:discover_packages(prefix_path) using defaults
[1.561s] Level 5:colcon.colcon_core.verb:set package 'gpio_sensors' build argument 'cmake_args' from command line to 'None'
[1.562s] Level 5:colcon.colcon_core.verb:set package 'gpio_sensors' build argument 'cmake_target' from command line to 'None'
[1.562s] Level 5:colcon.colcon_core.verb:set package 'gpio_sensors' build argument 'cmake_target_skip_unavailable' from command line to 'False'
[1.562s] Level 5:colcon.colcon_core.verb:set package 'gpio_sensors' build argument 'cmake_clean_cache' from command line to 'False'
[1.563s] Level 5:colcon.colcon_core.verb:set package 'gpio_sensors' build argument 'cmake_clean_first' from command line to 'False'
[1.563s] Level 5:colcon.colcon_core.verb:set package 'gpio_sensors' build argument 'cmake_force_configure' from command line to 'False'
[1.563s] Level 5:colcon.colcon_core.verb:set package 'gpio_sensors' build argument 'ament_cmake_args' from command line to 'None'
[1.564s] Level 5:colcon.colcon_core.verb:set package 'gpio_sensors' build argument 'catkin_cmake_args' from command line to 'None'
[1.564s] Level 5:colcon.colcon_core.verb:set package 'gpio_sensors' build argument 'catkin_skip_building_tests' from command line to 'False'
[1.564s] DEBUG:colcon.colcon_core.verb:Building package 'gpio_sensors' with the following arguments: {'ament_cmake_args': None, 'build_base': '/home/spiderbot/SpiderBot/ros2_ws/src/gpio_sensors/build/gpio_sensors', 'catkin_cmake_args': None, 'catkin_skip_building_tests': False, 'cmake_args': None, 'cmake_clean_cache': False, 'cmake_clean_first': False, 'cmake_force_configure': False, 'cmake_target': None, 'cmake_target_skip_unavailable': False, 'install_base': '/home/spiderbot/SpiderBot/ros2_ws/src/gpio_sensors/install/gpio_sensors', 'merge_install': False, 'path': '/home/spiderbot/SpiderBot/ros2_ws/src/gpio_sensors', 'symlink_install': False, 'test_result_base': None}
[1.565s] INFO:colcon.colcon_core.executor:Executing jobs using 'parallel' executor
[1.580s] DEBUG:colcon.colcon_parallel_executor.executor.parallel:run_until_complete
[1.584s] INFO:colcon.colcon_ros.task.ament_python.build:Building ROS package in '/home/spiderbot/SpiderBot/ros2_ws/src/gpio_sensors' with build type 'ament_python'
[1.584s] Level 1:colcon.colcon_core.shell:create_environment_hook('gpio_sensors', 'ament_prefix_path')
[1.637s] INFO:colcon.colcon_core.plugin_system:Skipping extension 'colcon_core.shell.bat': Not used on non-Windows systems
[1.639s] INFO:colcon.colcon_core.shell:Creating environment hook '/home/spiderbot/SpiderBot/ros2_ws/src/gpio_sensors/install/gpio_sensors/share/gpio_sensors/hook/ament_prefix_path.ps1'
[1.647s] INFO:colcon.colcon_core.shell:Creating environment descriptor '/home/spiderbot/SpiderBot/ros2_ws/src/gpio_sensors/install/gpio_sensors/share/gpio_sensors/hook/ament_prefix_path.dsv'
[1.656s] INFO:colcon.colcon_core.shell:Creating environment hook '/home/spiderbot/SpiderBot/ros2_ws/src/gpio_sensors/install/gpio_sensors/share/gpio_sensors/hook/ament_prefix_path.sh'
[1.663s] INFO:colcon.colcon_core.shell:Skip shell extension 'powershell' for command environment: Not usable outside of PowerShell
[1.663s] DEBUG:colcon.colcon_core.shell:Skip shell extension 'dsv' for command environment
[3.012s] INFO:colcon.colcon_core.task.python.build:Building Python package in '/home/spiderbot/SpiderBot/ros2_ws/src/gpio_sensors'
[3.014s] INFO:colcon.colcon_core.shell:Skip shell extension 'powershell' for command environment: Not usable outside of PowerShell
[3.014s] DEBUG:colcon.colcon_core.shell:Skip shell extension 'dsv' for command environment
[7.141s] DEBUG:colcon.colcon_core.event_handler.log_command:Invoking command in '/home/spiderbot/SpiderBot/ros2_ws/src/gpio_sensors': DEBUGINFOD_URLS=https://debuginfod.ubuntu.com PYTHONPATH=/home/spiderbot/SpiderBot/ros2_ws/src/gpio_sensors/build/gpio_sensors/prefix_override:/usr/lib/python3/dist-packages/colcon_core/task/python/colcon_distutils_commands:/home/spiderbot/SpiderBot/ros2_ws/src/gpio_sensors/install/gpio_sensors/lib/python3.12/site-packages:${PYTHONPATH} /usr/bin/python3 -W ignore:setup.py install is deprecated -W ignore:easy_install command is deprecated setup.py egg_info --egg-base build/gpio_sensors build --build-base /home/spiderbot/SpiderBot/ros2_ws/src/gpio_sensors/build/gpio_sensors/build install --record /home/spiderbot/SpiderBot/ros2_ws/src/gpio_sensors/build/gpio_sensors/install.log --single-version-externally-managed install_data
[10.349s] DEBUG:colcon.colcon_core.event_handler.log_command:Invoked command in '/home/spiderbot/SpiderBot/ros2_ws/src/gpio_sensors' returned '0': DEBUGINFOD_URLS=https://debuginfod.ubuntu.com PYTHONPATH=/home/spiderbot/SpiderBot/ros2_ws/src/gpio_sensors/build/gpio_sensors/prefix_override:/usr/lib/python3/dist-packages/colcon_core/task/python/colcon_distutils_commands:/home/spiderbot/SpiderBot/ros2_ws/src/gpio_sensors/install/gpio_sensors/lib/python3.12/site-packages:${PYTHONPATH} /usr/bin/python3 -W ignore:setup.py install is deprecated -W ignore:easy_install command is deprecated setup.py egg_info --egg-base build/gpio_sensors build --build-base /home/spiderbot/SpiderBot/ros2_ws/src/gpio_sensors/build/gpio_sensors/build install --record /home/spiderbot/SpiderBot/ros2_ws/src/gpio_sensors/build/gpio_sensors/install.log --single-version-externally-managed install_data
[10.382s] Level 1:colcon.colcon_core.environment:checking '/home/spiderbot/SpiderBot/ros2_ws/src/gpio_sensors/install/gpio_sensors' for CMake module files
[10.387s] Level 1:colcon.colcon_core.environment:checking '/home/spiderbot/SpiderBot/ros2_ws/src/gpio_sensors/install/gpio_sensors' for CMake config files
[10.392s] Level 1:colcon.colcon_core.environment:checking '/home/spiderbot/SpiderBot/ros2_ws/src/gpio_sensors/install/gpio_sensors/lib'
[10.393s] Level 1:colcon.colcon_core.environment:checking '/home/spiderbot/SpiderBot/ros2_ws/src/gpio_sensors/install/gpio_sensors/bin'
[10.394s] Level 1:colcon.colcon_core.environment:checking '/home/spiderbot/SpiderBot/ros2_ws/src/gpio_sensors/install/gpio_sensors/lib/pkgconfig/gpio_sensors.pc'
[10.395s] Level 1:colcon.colcon_core.environment:checking '/home/spiderbot/SpiderBot/ros2_ws/src/gpio_sensors/install/gpio_sensors/lib/python3.12/site-packages'
[10.396s] Level 1:colcon.colcon_core.shell:create_environment_hook('gpio_sensors', 'pythonpath')
[10.397s] INFO:colcon.colcon_core.shell:Creating environment hook '/home/spiderbot/SpiderBot/ros2_ws/src/gpio_sensors/install/gpio_sensors/share/gpio_sensors/hook/pythonpath.ps1'
[10.399s] INFO:colcon.colcon_core.shell:Creating environment descriptor '/home/spiderbot/SpiderBot/ros2_ws/src/gpio_sensors/install/gpio_sensors/share/gpio_sensors/hook/pythonpath.dsv'
[10.402s] INFO:colcon.colcon_core.shell:Creating environment hook '/home/spiderbot/SpiderBot/ros2_ws/src/gpio_sensors/install/gpio_sensors/share/gpio_sensors/hook/pythonpath.sh'
[10.405s] Level 1:colcon.colcon_core.environment:checking '/home/spiderbot/SpiderBot/ros2_ws/src/gpio_sensors/install/gpio_sensors/bin'
[10.406s] Level 1:colcon.colcon_core.environment:create_environment_scripts_only(gpio_sensors)
[10.407s] INFO:colcon.colcon_core.shell:Creating package script '/home/spiderbot/SpiderBot/ros2_ws/src/gpio_sensors/install/gpio_sensors/share/gpio_sensors/package.ps1'
[10.411s] INFO:colcon.colcon_core.shell:Creating package descriptor '/home/spiderbot/SpiderBot/ros2_ws/src/gpio_sensors/install/gpio_sensors/share/gpio_sensors/package.dsv'
[10.415s] INFO:colcon.colcon_core.shell:Creating package script '/home/spiderbot/SpiderBot/ros2_ws/src/gpio_sensors/install/gpio_sensors/share/gpio_sensors/package.sh'
[10.419s] INFO:colcon.colcon_core.shell:Creating package script '/home/spiderbot/SpiderBot/ros2_ws/src/gpio_sensors/install/gpio_sensors/share/gpio_sensors/package.bash'
[10.425s] INFO:colcon.colcon_core.shell:Creating package script '/home/spiderbot/SpiderBot/ros2_ws/src/gpio_sensors/install/gpio_sensors/share/gpio_sensors/package.zsh'
[10.430s] Level 1:colcon.colcon_core.environment:create_file_with_runtime_dependencies(/home/spiderbot/SpiderBot/ros2_ws/src/gpio_sensors/install/gpio_sensors/share/colcon-core/packages/gpio_sensors)
[10.432s] DEBUG:colcon.colcon_parallel_executor.executor.parallel:closing loop
[10.433s] DEBUG:colcon.colcon_parallel_executor.executor.parallel:loop closed
[10.434s] DEBUG:colcon.colcon_parallel_executor.executor.parallel:run_until_complete finished with '0'
[10.435s] DEBUG:colcon.colcon_core.event_reactor:joining thread
[10.501s] INFO:colcon.colcon_core.plugin_system:Skipping extension 'colcon_notification.desktop_notification.terminal_notifier': Not used on non-Darwin systems
[10.502s] INFO:colcon.colcon_core.plugin_system:Skipping extension 'colcon_notification.desktop_notification.win32': Not used on non-Windows systems
[10.502s] INFO:colcon.colcon_notification.desktop_notification:Sending desktop notification using 'notify2'
[10.664s] DEBUG:colcon.colcon_core.event_reactor:joined thread
[10.665s] INFO:colcon.colcon_core.shell:Creating prefix script '/home/spiderbot/SpiderBot/ros2_ws/src/gpio_sensors/install/local_setup.ps1'
[10.675s] INFO:colcon.colcon_core.shell:Creating prefix util module '/home/spiderbot/SpiderBot/ros2_ws/src/gpio_sensors/install/_local_setup_util_ps1.py'
[10.687s] INFO:colcon.colcon_core.shell:Creating prefix chain script '/home/spiderbot/SpiderBot/ros2_ws/src/gpio_sensors/install/setup.ps1'
[10.693s] INFO:colcon.colcon_core.shell:Creating prefix script '/home/spiderbot/SpiderBot/ros2_ws/src/gpio_sensors/install/local_setup.sh'
[10.698s] INFO:colcon.colcon_core.shell:Creating prefix util module '/home/spiderbot/SpiderBot/ros2_ws/src/gpio_sensors/install/_local_setup_util_sh.py'
[10.702s] INFO:colcon.colcon_core.shell:Creating prefix chain script '/home/spiderbot/SpiderBot/ros2_ws/src/gpio_sensors/install/setup.sh'
[10.709s] INFO:colcon.colcon_core.shell:Creating prefix script '/home/spiderbot/SpiderBot/ros2_ws/src/gpio_sensors/install/local_setup.bash'
[10.713s] INFO:colcon.colcon_core.shell:Creating prefix chain script '/home/spiderbot/SpiderBot/ros2_ws/src/gpio_sensors/install/setup.bash'
[10.718s] INFO:colcon.colcon_core.shell:Creating prefix script '/home/spiderbot/SpiderBot/ros2_ws/src/gpio_sensors/install/local_setup.zsh'
[10.722s] INFO:colcon.colcon_core.shell:Creating prefix chain script '/home/spiderbot/SpiderBot/ros2_ws/src/gpio_sensors/install/setup.zsh'
