running egg_info
writing build/gpio_sensors/gpio_sensors.egg-info/PKG-INFO
writing dependency_links to build/gpio_sensors/gpio_sensors.egg-info/dependency_links.txt
writing entry points to build/gpio_sensors/gpio_sensors.egg-info/entry_points.txt
writing requirements to build/gpio_sensors/gpio_sensors.egg-info/requires.txt
writing top-level names to build/gpio_sensors/gpio_sensors.egg-info/top_level.txt
reading manifest file 'build/gpio_sensors/gpio_sensors.egg-info/SOURCES.txt'
writing manifest file 'build/gpio_sensors/gpio_sensors.egg-info/SOURCES.txt'
running build
running build_py
copying gpio_sensors/__init__.py -> /home/spiderbot/SpiderBot/ros2_ws/src/gpio_sensors/build/gpio_sensors/build/lib/gpio_sensors
copying gpio_sensors/gpio_sensor_node.py -> /home/spiderbot/SpiderBot/ros2_ws/src/gpio_sensors/build/gpio_sensors/build/lib/gpio_sensors
running install
running install_lib
running install_data
copying resource/gpio_sensors -> /home/spiderbot/SpiderBot/ros2_ws/src/gpio_sensors/install/gpio_sensors/share/ament_index/resource_index/packages
copying package.xml -> /home/spiderbot/SpiderBot/ros2_ws/src/gpio_sensors/install/gpio_sensors/share/gpio_sensors
copying launch/gpio_sensors.launch.py -> /home/spiderbot/SpiderBot/ros2_ws/src/gpio_sensors/install/gpio_sensors/share/gpio_sensors/launch
running install_egg_info
removing '/home/spiderbot/SpiderBot/ros2_ws/src/gpio_sensors/install/gpio_sensors/lib/python3.12/site-packages/gpio_sensors-0.0.1-py3.12.egg-info' (and everything under it)
Copying build/gpio_sensors/gpio_sensors.egg-info to /home/spiderbot/SpiderBot/ros2_ws/src/gpio_sensors/install/gpio_sensors/lib/python3.12/site-packages/gpio_sensors-0.0.1-py3.12.egg-info
running install_scripts
Installing gpio_sensor_node script to /home/spiderbot/SpiderBot/ros2_ws/src/gpio_sensors/install/gpio_sensors/lib/gpio_sensors
writing list of installed files to '/home/spiderbot/SpiderBot/ros2_ws/src/gpio_sensors/build/gpio_sensors/install.log'
